<?xml version="1.0" encoding="UTF-8"?>
<!-- Generated by org.testng.reporters.JUnitReportReporter -->
<testsuite hostname="LAPTOP-A06N0VN3" failures="0" tests="1" name="tests.Loginrunner" time="5.403" errors="0" timestamp="2025-05-08T12:19:20 IST" skipped="0">
  <testcase classname="tests.Loginrunner" name="runScenario" time="5.403"/>
  <system-out/>
</testsuite> <!-- tests.Loginrunner -->
